<?xml version="1.0" encoding="UTF-8"?>
<!-- Generated by org.testng.reporters.JUnitReportReporter -->
<testsuite skipped="0" hostname="CHINKU-PC" name="com.crm.qa.testcases.LoginPageTest" tests="3" failures="0" timestamp="13 Mar 2019 05:30:12 GMT" time="20.035" errors="0">
  <testcase name="loginPageTitleTest" time="4.627" classname="com.crm.qa.testcases.LoginPageTest"/>
  <testcase name="actitimeImageTest" time="4.825" classname="com.crm.qa.testcases.LoginPageTest"/>
  <testcase name="loginTest" time="10.583" classname="com.crm.qa.testcases.LoginPageTest"/>
</testsuite> <!-- com.crm.qa.testcases.LoginPageTest -->
