<?xml version="1.0" encoding="UTF-8"?>
<!-- Generated by org.testng.reporters.JUnitReportReporter -->
<testsuite skipped="0" hostname="CHINKU-PC" name="com.crm.qa.testcases.HomePageTest" tests="2" failures="0" timestamp="13 Mar 2019 05:30:12 GMT" time="53.918" errors="0">
  <testcase name="verifyHomePageTitleTest" time="29.496" classname="com.crm.qa.testcases.HomePageTest"/>
  <testcase name="verifyTsksLinkTest" time="24.422" classname="com.crm.qa.testcases.HomePageTest"/>
</testsuite> <!-- com.crm.qa.testcases.HomePageTest -->
