<?xml version="1.0" encoding="UTF-8"?>
<!-- Generated by org.testng.reporters.JUnitReportReporter -->
<testsuite skipped="0" hostname="CHINKU-PC" name="com.crm.qa.testcases.LoginPageTest" tests="3" failures="0" timestamp="15 Mar 2019 01:45:26 GMT" time="19.443" errors="0">
  <testcase name="loginPageTitleTest" time="4.637" classname="com.crm.qa.testcases.LoginPageTest"/>
  <testcase name="actitimeImageTest" time="4.502" classname="com.crm.qa.testcases.LoginPageTest"/>
  <testcase name="loginTest" time="10.304" classname="com.crm.qa.testcases.LoginPageTest"/>
</testsuite> <!-- com.crm.qa.testcases.LoginPageTest -->
