<?xml version="1.0" encoding="UTF-8"?>
<!-- Generated by org.testng.reporters.JUnitReportReporter -->
<testsuite skipped="0" hostname="CHINKU-PC" name="com.crm.qa.testcases.HomePageTest" tests="2" failures="0" timestamp="15 Mar 2019 01:45:26 GMT" time="38.937" errors="0">
  <testcase name="verifyHomePageTitleTest" time="27.985" classname="com.crm.qa.testcases.HomePageTest"/>
  <testcase name="verifyTsksLinkTest" time="10.952" classname="com.crm.qa.testcases.HomePageTest"/>
</testsuite> <!-- com.crm.qa.testcases.HomePageTest -->
