<?xml version="1.0" encoding="UTF-8"?>
<!-- Generated by org.testng.reporters.JUnitReportReporter -->
<testsuite skipped="0" hostname="CHINKU-PC" name="com.crm.qa.testcases.TasksPageTest" tests="5" failures="0" timestamp="15 Mar 2019 01:45:26 GMT" time="67.791" errors="0">
  <testcase name="verifyTasksPageLabel" time="10.839" classname="com.crm.qa.testcases.TasksPageTest"/>
  <testcase name="selectTaskPage" time="10.961" classname="com.crm.qa.testcases.TasksPageTest"/>
  <testcase name="validateCreateNewCustomer" time="12.714" classname="com.crm.qa.testcases.TasksPageTest"/>
  <testcase name="validateCreateNewCustomer" time="12.467" classname="com.crm.qa.testcases.TasksPageTest"/>
  <testcase name="validateCreateNewCustomer" time="20.810" classname="com.crm.qa.testcases.TasksPageTest"/>
</testsuite> <!-- com.crm.qa.testcases.TasksPageTest -->
